Start testing: Aug 21 20:17 CEST
----------------------------------------------------------
1/1 Testing: hopfield_network.t
1/1 Test: hopfield_network.t
Command: "/home/pertile/hopfield_network/build/Release/hopfield_network.t"
Directory: /home/pertile/hopfield_network/build
"hopfield_network.t" start time: Aug 21 20:17 CEST
Output:
----------------------------------------------------------
[doctest] doctest version is "2.4.12"
[doctest] run with "--help" for options
===============================================================================
[doctest] test cases:  2 |  2 passed | 0 failed | 0 skipped
[doctest] assertions: 16 | 16 passed | 0 failed |
[doctest] Status: SUCCESS!
<end of output>
Test time =   0.01 sec
----------------------------------------------------------
Test Passed.
"hopfield_network.t" end time: Aug 21 20:17 CEST
"hopfield_network.t" time elapsed: 00:00:00
----------------------------------------------------------

End testing: Aug 21 20:17 CEST
